============================================================
  Generated by:           Genus(TM) Synthesis Solution 20.11-s111_1
  Generated on:           Jul 02 2025  03:36:45 pm
  Module:                 mux8_1
  Operating conditions:   slow 
  Interconnect mode:      global
  Area mode:              physical library
============================================================

                            
  Gate    Instances   Area     Library   
-----------------------------------------
AND3XL            1   2.052    gpdk045bc 
AOI211XL          1   2.052    gpdk045bc 
MX2XL             1   2.736    gpdk045bc 
MXI2XL            3   7.182    gpdk045bc 
NOR2XL            1   1.026    gpdk045bc 
NOR3BXL           1   2.052    gpdk045bc 
OAI31X1           1   2.052    gpdk045bc 
-----------------------------------------
total             9  19.152              


                                       
     Type      Instances  Area  Area % 
---------------------------------------
logic                  9 19.152  100.0 
physical_cells         0  0.000    0.0 
---------------------------------------
total                  9 19.152  100.0 

